D:\coding\mysql-8.0.24-winx64\bin\mysqld, Version: 8.0.24 (MySQL Community Server - GPL). started with:
TCP Port: 3306, Named Pipe: MySQL
Time                 Id Command    Argument
2024-02-23T03:01:11.625070Z	    8 Connect	root@localhost on  using TCP/IP
2024-02-23T03:01:11.625511Z	    8 Query	SET NAMES utf8mb4
2024-02-23T03:01:11.625744Z	    8 Query	SET PROFILING = 1
2024-02-23T03:01:11.626086Z	    8 Query	SHOW STATUS
2024-02-23T03:01:11.632577Z	    8 Query	SHOW STATUS
2024-02-23T03:01:11.636491Z	    8 Query	SHOW VARIABLES LIKE 'general%'
2024-02-23T03:01:11.638436Z	    8 Query	SHOW STATUS
2024-02-23T03:01:11.642024Z	    8 Query	SELECT QUERY_ID, SUM(DURATION) AS SUM_DURATION FROM INFORMATION_SCHEMA.PROFILING GROUP BY QUERY_ID
2024-02-23T03:01:11.642700Z	    8 Query	SELECT STATE AS `Status`, ROUND(SUM(DURATION),7) AS `Duration`, CONCAT(ROUND(SUM(DURATION)/0.001678*100,3), '') AS `Percentage` FROM INFORMATION_SCHEMA.PROFILING WHERE QUERY_ID=3 GROUP BY SEQ, STATE ORDER BY SEQ
2024-02-23T03:01:16.034843Z	    8 Query	SET PROFILING = 1
2024-02-23T03:01:16.035034Z	    8 Query	SHOW STATUS
2024-02-23T03:01:16.038511Z	    8 Query	SHOW STATUS
2024-02-23T03:01:16.042430Z	    8 Query	SELECT * FROM mysql.general_log WHERE command_type = 'Update' ORDER BY event_time DESC LIMIT 10
2024-02-23T03:01:16.050036Z	    8 Query	-- 获取最近10条更新语句的日志记录（需先设置general log）
2024-02-23T03:01:16.050231Z	    8 Query	SHOW STATUS
2024-02-23T03:01:16.053885Z	    8 Query	SELECT QUERY_ID, SUM(DURATION) AS SUM_DURATION FROM INFORMATION_SCHEMA.PROFILING GROUP BY QUERY_ID
2024-02-23T03:01:16.054328Z	    8 Query	SELECT STATE AS `Status`, ROUND(SUM(DURATION),7) AS `Duration`, CONCAT(ROUND(SUM(DURATION)/0.000074*100,3), '') AS `Percentage` FROM INFORMATION_SCHEMA.PROFILING WHERE QUERY_ID=11 GROUP BY SEQ, STATE ORDER BY SEQ
2024-02-23T03:01:19.626414Z	    8 Query	SET PROFILING = 1
2024-02-23T03:01:19.626613Z	    8 Query	SHOW STATUS
2024-02-23T03:01:19.629982Z	    8 Query	SHOW STATUS
2024-02-23T03:01:19.634496Z	    8 Query	SELECT * FROM mysql.general_log
2024-02-23T03:01:19.635067Z	    8 Query	SHOW STATUS
2024-02-23T03:01:19.638673Z	    8 Query	SELECT QUERY_ID, SUM(DURATION) AS SUM_DURATION FROM INFORMATION_SCHEMA.PROFILING GROUP BY QUERY_ID
2024-02-23T03:01:19.639163Z	    8 Query	SELECT STATE AS `Status`, ROUND(SUM(DURATION),7) AS `Duration`, CONCAT(ROUND(SUM(DURATION)/0.000159*100,3), '') AS `Percentage` FROM INFORMATION_SCHEMA.PROFILING WHERE QUERY_ID=18 GROUP BY SEQ, STATE ORDER BY SEQ
2024-02-23T03:01:27.641612Z	    9 Connect	root@localhost on  using TCP/IP
2024-02-23T03:01:27.641773Z	    9 Query	SET NAMES utf8mb4
2024-02-23T03:01:27.642217Z	    9 Init DB	jianguan
2024-02-23T03:01:27.642405Z	    9 Init DB	api
2024-02-23T03:01:27.642734Z	    9 Query	SHOW FULL TABLES WHERE Table_type != 'VIEW'
2024-02-23T03:01:27.649344Z	    9 Query	SELECT TABLE_NAME, CHECK_OPTION, IS_UPDATABLE, SECURITY_TYPE, DEFINER FROM INFORMATION_SCHEMA.VIEWS WHERE TABLE_SCHEMA = 'api' ORDER BY TABLE_NAME ASC
2024-02-23T03:01:31.931040Z	    9 Query	SELECT COUNT(*) FROM information_schema.TABLES WHERE TABLE_SCHEMA = 'api' UNION SELECT COUNT(*) FROM information_schema.COLUMNS WHERE TABLE_SCHEMA = 'api' UNION SELECT COUNT(*) FROM information_schema.ROUTINES WHERE ROUTINE_SCHEMA = 'api'
2024-02-23T03:01:31.942970Z	    9 Query	SELECT TABLE_SCHEMA, TABLE_NAME, TABLE_TYPE FROM information_schema.TABLES WHERE TABLE_SCHEMA = 'api' ORDER BY TABLE_SCHEMA, TABLE_TYPE
2024-02-23T03:01:31.943746Z	    9 Query	SELECT TABLE_SCHEMA, TABLE_NAME, COLUMN_NAME, COLUMN_TYPE FROM information_schema.COLUMNS WHERE TABLE_SCHEMA = 'api' ORDER BY TABLE_SCHEMA, TABLE_NAME
2024-02-23T03:01:31.953092Z	    9 Query	SELECT DISTINCT ROUTINE_SCHEMA, ROUTINE_NAME, PARAMS.PARAMETER FROM information_schema.ROUTINES LEFT JOIN ( SELECT SPECIFIC_SCHEMA, SPECIFIC_NAME, GROUP_CONCAT(CONCAT(DATA_TYPE, ' ', PARAMETER_NAME) ORDER BY ORDINAL_POSITION SEPARATOR ', ') PARAMETER, ROUTINE_TYPE FROM information_schema.PARAMETERS GROUP BY SPECIFIC_SCHEMA, SPECIFIC_NAME, ROUTINE_TYPE ) PARAMS ON ROUTINES.ROUTINE_SCHEMA = PARAMS.SPECIFIC_SCHEMA AND ROUTINES.ROUTINE_NAME = PARAMS.SPECIFIC_NAME AND ROUTINES.ROUTINE_TYPE = PARAMS.ROUTINE_TYPE WHERE ROUTINE_SCHEMA = 'api' ORDER BY ROUTINE_SCHEMA
2024-02-23T03:01:32.459380Z	    9 Init DB	api
2024-02-23T03:01:32.459596Z	    9 Query	SHOW FULL TABLES WHERE Table_type != 'VIEW'
2024-02-23T03:01:32.460944Z	    9 Query	SHOW TABLE STATUS
2024-02-23T03:01:37.139645Z	    9 Query	SHOW CHARACTER SET
2024-02-23T03:01:37.176119Z	    9 Query	SELECT SCHEMA_NAME, DEFAULT_CHARACTER_SET_NAME, DEFAULT_COLLATION_NAME FROM information_schema.SCHEMATA
2024-02-23T03:01:41.519364Z	    9 Init DB	api
2024-02-23T03:01:41.519746Z	    9 Query	CREATE TABLE `api`.`A`  (
  `A` varchar(255) NULL
)
2024-02-23T03:01:41.543819Z	    9 Query	SHOW FULL TABLES WHERE Table_type != 'VIEW'
2024-02-23T03:01:41.544943Z	    9 Query	SHOW TABLE STATUS LIKE 'a'
2024-02-23T03:01:41.546805Z	    9 Query	SHOW CREATE TABLE `a`
2024-02-23T03:01:41.549708Z	    9 Query	SHOW FULL COLUMNS FROM `a`
2024-02-23T03:01:41.550492Z	    9 Query	SHOW INDEX FROM `a`
2024-02-23T03:01:41.552660Z	    9 Query	SELECT ACTION_ORDER, EVENT_OBJECT_TABLE, TRIGGER_NAME, EVENT_MANIPULATION, EVENT_OBJECT_TABLE, DEFINER, ACTION_STATEMENT, ACTION_TIMING FROM information_schema.triggers WHERE event_object_schema = BINARY 'api' AND event_object_table = BINARY 'a' ORDER BY event_object_table
2024-02-23T03:01:41.553575Z	    9 Query	SELECT TABLE_NAME, PARTITION_NAME, SUBPARTITION_NAME, PARTITION_METHOD, SUBPARTITION_METHOD, PARTITION_EXPRESSION, SUBPARTITION_EXPRESSION, PARTITION_DESCRIPTION, PARTITION_COMMENT, NODEGROUP, TABLESPACE_NAME FROM information_schema.PARTITIONS WHERE NOT ISNULL(PARTITION_NAME) AND TABLE_SCHEMA LIKE BINARY 'api' AND TABLE_NAME LIKE BINARY 'a' ORDER BY TABLE_NAME, PARTITION_NAME, PARTITION_ORDINAL_POSITION, SUBPARTITION_ORDINAL_POSITION
2024-02-23T03:01:43.383225Z	    9 Query	SELECT * FROM `api`.`a` LIMIT 0,1000
2024-02-23T03:01:43.383518Z	    9 Query	SHOW TABLE STATUS LIKE 'a'
2024-02-23T03:01:43.385680Z	   10 Connect	root@localhost on  using TCP/IP
2024-02-23T03:01:43.385756Z	   10 Query	SET NAMES utf8mb4
2024-02-23T03:01:43.386080Z	   10 Init DB	api
2024-02-23T03:01:43.387181Z	   11 Connect	root@localhost on  using TCP/IP
2024-02-23T03:01:43.387424Z	   11 Query	SET NAMES utf8mb4
2024-02-23T03:01:43.387828Z	   11 Init DB	api
2024-02-23T03:01:43.387967Z	   11 Query	SHOW COLUMNS FROM `api`.`a`
2024-02-23T03:01:43.389271Z	   10 Query	SHOW CREATE TABLE `api`.`a`
2024-02-23T03:01:43.389856Z	   11 Query	SHOW INDEX FROM `a`
2024-02-23T03:01:43.391534Z	    9 Query	SHOW FULL COLUMNS FROM `a`
2024-02-23T03:01:45.843224Z	    9 Query	INSERT INTO `api`.`a` (`A`) VALUES ('111')
2024-02-23T03:01:45.853751Z	    9 Query	SELECT * FROM `api`.`a` WHERE `A` = '111' LIMIT 1
2024-02-23T03:01:49.045685Z	    8 Quit	
2024-02-23T03:01:49.046041Z	    9 Query	SET PROFILING = 1
2024-02-23T03:01:49.046224Z	    9 Query	SHOW STATUS
2024-02-23T03:01:49.049883Z	    9 Query	SHOW STATUS
2024-02-23T03:01:49.053566Z	    9 Query	SELECT * FROM mysql.general_log WHERE command_type = 'Update' ORDER BY event_time DESC LIMIT 10
2024-02-23T03:01:49.054902Z	    9 Query	-- 获取最近10条更新语句的日志记录（需先设置general log）
2024-02-23T03:01:49.055002Z	    9 Query	SHOW STATUS
2024-02-23T03:01:49.058453Z	    9 Query	SELECT QUERY_ID, SUM(DURATION) AS SUM_DURATION FROM INFORMATION_SCHEMA.PROFILING GROUP BY QUERY_ID
2024-02-23T03:01:49.058838Z	    9 Query	SELECT STATE AS `Status`, ROUND(SUM(DURATION),7) AS `Duration`, CONCAT(ROUND(SUM(DURATION)/0.000051*100,3), '') AS `Percentage` FROM INFORMATION_SCHEMA.PROFILING WHERE QUERY_ID=4 GROUP BY SEQ, STATE ORDER BY SEQ
2024-02-23T03:01:55.281567Z	    9 Query	SET PROFILING = 1
2024-02-23T03:01:55.281928Z	    9 Query	SHOW STATUS
2024-02-23T03:01:55.285573Z	    9 Query	SHOW STATUS
2024-02-23T03:01:55.290164Z	    9 Query	SELECT * FROM mysql.general_log
2024-02-23T03:01:55.290422Z	    9 Query	SHOW STATUS
2024-02-23T03:01:55.294098Z	    9 Query	SELECT QUERY_ID, SUM(DURATION) AS SUM_DURATION FROM INFORMATION_SCHEMA.PROFILING GROUP BY QUERY_ID
2024-02-23T03:01:55.294636Z	    9 Query	SELECT STATE AS `Status`, ROUND(SUM(DURATION),7) AS `Duration`, CONCAT(ROUND(SUM(DURATION)/0.000159*100,3), '') AS `Percentage` FROM INFORMATION_SCHEMA.PROFILING WHERE QUERY_ID=11 GROUP BY SEQ, STATE ORDER BY SEQ
2024-02-23T03:01:55.984074Z	    9 Query	SET PROFILING = 1
2024-02-23T03:01:55.984326Z	    9 Query	SHOW STATUS
2024-02-23T03:01:55.987845Z	    9 Query	SHOW STATUS
2024-02-23T03:01:55.991273Z	    9 Query	SELECT * FROM mysql.general_log
2024-02-23T03:01:55.991551Z	    9 Query	SHOW STATUS
2024-02-23T03:01:55.995042Z	    9 Query	SELECT QUERY_ID, SUM(DURATION) AS SUM_DURATION FROM INFORMATION_SCHEMA.PROFILING GROUP BY QUERY_ID
2024-02-23T03:01:55.995932Z	    9 Query	SELECT STATE AS `Status`, ROUND(SUM(DURATION),7) AS `Duration`, CONCAT(ROUND(SUM(DURATION)/0.000156*100,3), '') AS `Percentage` FROM INFORMATION_SCHEMA.PROFILING WHERE QUERY_ID=18 GROUP BY SEQ, STATE ORDER BY SEQ
2024-02-23T03:02:19.629908Z	    9 Quit	
2024-02-23T03:02:27.419846Z	   12 Connect	root@localhost on  using TCP/IP
2024-02-23T03:02:27.419997Z	   12 Query	SET NAMES utf8mb4
2024-02-23T03:02:27.424551Z	   12 Query	SHOW VARIABLES LIKE 'lower_case_%';
2024-02-23T03:02:27.425802Z	   12 Query	SHOW VARIABLES LIKE 'sql_mode';
2024-02-23T03:02:27.426763Z	   12 Query	SELECT COUNT(*) AS support_ndb FROM information_schema.ENGINES WHERE Engine = 'ndbcluster'
2024-02-23T03:02:27.430111Z	   12 Query	SELECT SCHEMA_NAME, DEFAULT_CHARACTER_SET_NAME, DEFAULT_COLLATION_NAME FROM information_schema.SCHEMATA
2024-02-23T03:02:28.599618Z	   12 Init DB	api
2024-02-23T03:02:28.604412Z	   12 Query	SELECT COUNT(*) FROM information_schema.TABLES WHERE TABLE_SCHEMA = 'api' UNION SELECT COUNT(*) FROM information_schema.COLUMNS WHERE TABLE_SCHEMA = 'api' UNION SELECT COUNT(*) FROM information_schema.ROUTINES WHERE ROUTINE_SCHEMA = 'api'
2024-02-23T03:02:28.610508Z	   12 Query	SELECT TABLE_SCHEMA, TABLE_NAME, TABLE_TYPE FROM information_schema.TABLES WHERE TABLE_SCHEMA = 'api' ORDER BY TABLE_SCHEMA, TABLE_TYPE
2024-02-23T03:02:28.611791Z	   12 Query	SELECT TABLE_SCHEMA, TABLE_NAME, COLUMN_NAME, COLUMN_TYPE FROM information_schema.COLUMNS WHERE TABLE_SCHEMA = 'api' ORDER BY TABLE_SCHEMA, TABLE_NAME
2024-02-23T03:02:28.613165Z	   12 Query	SELECT DISTINCT ROUTINE_SCHEMA, ROUTINE_NAME, PARAMS.PARAMETER FROM information_schema.ROUTINES LEFT JOIN ( SELECT SPECIFIC_SCHEMA, SPECIFIC_NAME, GROUP_CONCAT(CONCAT(DATA_TYPE, ' ', PARAMETER_NAME) ORDER BY ORDINAL_POSITION SEPARATOR ', ') PARAMETER, ROUTINE_TYPE FROM information_schema.PARAMETERS GROUP BY SPECIFIC_SCHEMA, SPECIFIC_NAME, ROUTINE_TYPE ) PARAMS ON ROUTINES.ROUTINE_SCHEMA = PARAMS.SPECIFIC_SCHEMA AND ROUTINES.ROUTINE_NAME = PARAMS.SPECIFIC_NAME AND ROUTINES.ROUTINE_TYPE = PARAMS.ROUTINE_TYPE WHERE ROUTINE_SCHEMA = 'api' ORDER BY ROUTINE_SCHEMA
2024-02-23T03:02:28.623847Z	   12 Init DB	api
2024-02-23T03:02:28.624092Z	   12 Query	SHOW FULL TABLES WHERE Table_type != 'VIEW'
2024-02-23T03:02:28.625134Z	   12 Query	SHOW TABLE STATUS
2024-02-23T03:02:30.755319Z	   12 Query	SHOW VARIABLES LIKE 'lower_case_%';
2024-02-23T03:02:30.756413Z	   12 Query	SHOW VARIABLES LIKE 'sql_mode';
2024-02-23T03:02:30.757361Z	   12 Query	SELECT COUNT(*) AS support_ndb FROM information_schema.ENGINES WHERE Engine = 'ndbcluster'
2024-02-23T03:02:30.758325Z	   12 Query	SELECT SCHEMA_NAME, DEFAULT_CHARACTER_SET_NAME, DEFAULT_COLLATION_NAME FROM information_schema.SCHEMATA
2024-02-23T03:02:30.957425Z	   12 Init DB	api
2024-02-23T03:02:30.957608Z	   12 Query	SHOW FULL TABLES WHERE Table_type != 'VIEW'
2024-02-23T03:02:30.958886Z	   12 Query	SELECT TABLE_NAME, CHECK_OPTION, IS_UPDATABLE, SECURITY_TYPE, DEFINER FROM INFORMATION_SCHEMA.VIEWS WHERE TABLE_SCHEMA = 'api' ORDER BY TABLE_NAME ASC
2024-02-23T03:02:33.948901Z	   12 Query	SET PROFILING = 1
2024-02-23T03:02:33.949175Z	   12 Query	SHOW STATUS
2024-02-23T03:02:33.953405Z	   12 Query	SHOW STATUS
2024-02-23T03:02:33.957445Z	   12 Query	SELECT * FROM mysql.general_log
2024-02-23T03:02:33.958416Z	   12 Query	SHOW STATUS
2024-02-23T03:02:33.962330Z	   12 Query	SELECT QUERY_ID, SUM(DURATION) AS SUM_DURATION FROM INFORMATION_SCHEMA.PROFILING GROUP BY QUERY_ID
2024-02-23T03:02:33.962865Z	   12 Query	SELECT STATE AS `Status`, ROUND(SUM(DURATION),7) AS `Duration`, CONCAT(ROUND(SUM(DURATION)/0.000685*100,3), '') AS `Percentage` FROM INFORMATION_SCHEMA.PROFILING WHERE QUERY_ID=3 GROUP BY SEQ, STATE ORDER BY SEQ
2024-02-23T03:03:39.045474Z	   12 Query	SET PROFILING = 1
2024-02-23T03:03:39.045697Z	   12 Query	SHOW STATUS
2024-02-23T03:03:39.049173Z	   12 Query	SHOW STATUS
2024-02-23T03:03:39.052572Z	   12 Query	set long_query_time=0
2024-02-23T03:03:39.052680Z	   12 Query	SHOW STATUS
2024-02-23T03:03:39.055937Z	   12 Query	SELECT QUERY_ID, SUM(DURATION) AS SUM_DURATION FROM INFORMATION_SCHEMA.PROFILING GROUP BY QUERY_ID
2024-02-23T03:03:39.056301Z	   12 Query	SELECT STATE AS `Status`, ROUND(SUM(DURATION),7) AS `Duration`, CONCAT(ROUND(SUM(DURATION)/0.000081*100,3), '') AS `Percentage` FROM INFORMATION_SCHEMA.PROFILING WHERE QUERY_ID=10 GROUP BY SEQ, STATE ORDER BY SEQ
2024-02-23T03:03:42.202683Z	   12 Query	SET PROFILING = 1
2024-02-23T03:03:42.203097Z	   12 Query	SHOW STATUS
2024-02-23T03:03:42.206841Z	   12 Query	SHOW STATUS
2024-02-23T03:03:42.212842Z	   12 Query	SELECT * FROM mysql.general_log WHERE command_type = 'Update' ORDER BY event_time DESC LIMIT 10
2024-02-23T03:03:42.213704Z	   12 Query	-- 获取最近10条更新语句的日志记录（需先设置general log）
2024-02-23T03:03:42.214035Z	   12 Query	SHOW STATUS
2024-02-23T03:03:42.217518Z	   12 Query	SELECT QUERY_ID, SUM(DURATION) AS SUM_DURATION FROM INFORMATION_SCHEMA.PROFILING GROUP BY QUERY_ID
2024-02-23T03:03:42.217967Z	   12 Query	SELECT STATE AS `Status`, ROUND(SUM(DURATION),7) AS `Duration`, CONCAT(ROUND(SUM(DURATION)/0.000060*100,3), '') AS `Percentage` FROM INFORMATION_SCHEMA.PROFILING WHERE QUERY_ID=18 GROUP BY SEQ, STATE ORDER BY SEQ
2024-02-23T03:03:44.567535Z	   13 Connect	root@localhost on  using TCP/IP
2024-02-23T03:03:44.567629Z	   13 Query	SET NAMES utf8mb4
2024-02-23T03:03:44.567753Z	   13 Init DB	api
2024-02-23T03:03:44.567881Z	   13 Query	SELECT * FROM `api`.`a` LIMIT 0,1000
2024-02-23T03:03:44.568163Z	   13 Query	SHOW TABLE STATUS LIKE 'a'
2024-02-23T03:03:44.569836Z	   14 Connect	root@localhost on  using TCP/IP
2024-02-23T03:03:44.569988Z	   14 Query	SET NAMES utf8mb4
2024-02-23T03:03:44.570220Z	   14 Init DB	api
2024-02-23T03:03:44.571182Z	   15 Connect	root@localhost on  using TCP/IP
2024-02-23T03:03:44.571393Z	   15 Query	SET NAMES utf8mb4
2024-02-23T03:03:44.571718Z	   15 Init DB	api
2024-02-23T03:03:44.571920Z	   15 Query	SHOW COLUMNS FROM `api`.`a`
2024-02-23T03:03:44.573201Z	   14 Query	SHOW CREATE TABLE `api`.`a`
2024-02-23T03:03:44.573655Z	   15 Query	SHOW INDEX FROM `a`
2024-02-23T03:03:44.574482Z	   13 Query	SHOW CREATE TABLE `a`
2024-02-23T03:03:44.574897Z	   13 Query	SHOW FULL COLUMNS FROM `a`
2024-02-23T03:03:47.302082Z	   13 Query	UPDATE `api`.`a` SET `A` = 'sss' WHERE `A` = '111' LIMIT 1
2024-02-23T03:03:47.309970Z	   13 Query	SELECT * FROM `api`.`a` WHERE `A` = 'sss' LIMIT 1
2024-02-23T03:03:50.113646Z	   12 Query	SET PROFILING = 1
2024-02-23T03:03:50.113963Z	   12 Query	SHOW STATUS
2024-02-23T03:03:50.117461Z	   12 Query	SHOW STATUS
2024-02-23T03:03:50.121035Z	   12 Query	SELECT * FROM mysql.general_log WHERE command_type = 'Update' ORDER BY event_time DESC LIMIT 10
2024-02-23T03:03:50.121337Z	   12 Query	-- 获取最近10条更新语句的日志记录（需先设置general log）
2024-02-23T03:03:50.121551Z	   12 Query	SHOW STATUS
2024-02-23T03:03:50.125089Z	   12 Query	SELECT QUERY_ID, SUM(DURATION) AS SUM_DURATION FROM INFORMATION_SCHEMA.PROFILING GROUP BY QUERY_ID
2024-02-23T03:03:50.125547Z	   12 Query	SELECT STATE AS `Status`, ROUND(SUM(DURATION),7) AS `Duration`, CONCAT(ROUND(SUM(DURATION)/0.000052*100,3), '') AS `Percentage` FROM INFORMATION_SCHEMA.PROFILING WHERE QUERY_ID=26 GROUP BY SEQ, STATE ORDER BY SEQ
2024-02-23T03:03:50.846841Z	   12 Query	SET PROFILING = 1
2024-02-23T03:03:50.847089Z	   12 Query	SHOW STATUS
2024-02-23T03:03:50.850642Z	   12 Query	SHOW STATUS
2024-02-23T03:03:50.854212Z	   12 Query	SELECT * FROM mysql.general_log WHERE command_type = 'Update' ORDER BY event_time DESC LIMIT 10
2024-02-23T03:03:50.854566Z	   12 Query	-- 获取最近10条更新语句的日志记录（需先设置general log）
2024-02-23T03:03:50.854662Z	   12 Query	SHOW STATUS
2024-02-23T03:03:50.858075Z	   12 Query	SELECT QUERY_ID, SUM(DURATION) AS SUM_DURATION FROM INFORMATION_SCHEMA.PROFILING GROUP BY QUERY_ID
2024-02-23T03:03:50.858574Z	   12 Query	SELECT STATE AS `Status`, ROUND(SUM(DURATION),7) AS `Duration`, CONCAT(ROUND(SUM(DURATION)/0.000050*100,3), '') AS `Percentage` FROM INFORMATION_SCHEMA.PROFILING WHERE QUERY_ID=34 GROUP BY SEQ, STATE ORDER BY SEQ
2024-02-23T03:03:53.266257Z	   12 Query	SET PROFILING = 1
2024-02-23T03:03:53.266430Z	   12 Query	SHOW STATUS
2024-02-23T03:03:53.270210Z	   12 Query	SHOW STATUS
2024-02-23T03:03:53.275922Z	   12 Query	SELECT * FROM mysql.general_log
2024-02-23T03:03:53.276386Z	   12 Query	SHOW STATUS
2024-02-23T03:03:53.279880Z	   12 Query	SELECT QUERY_ID, SUM(DURATION) AS SUM_DURATION FROM INFORMATION_SCHEMA.PROFILING GROUP BY QUERY_ID
2024-02-23T03:03:53.280333Z	   12 Query	SELECT STATE AS `Status`, ROUND(SUM(DURATION),7) AS `Duration`, CONCAT(ROUND(SUM(DURATION)/0.000214*100,3), '') AS `Percentage` FROM INFORMATION_SCHEMA.PROFILING WHERE QUERY_ID=41 GROUP BY SEQ, STATE ORDER BY SEQ
2024-02-23T03:06:01.096403Z	   12 Query	SET PROFILING = 1
2024-02-23T03:06:01.096884Z	   12 Query	SHOW STATUS
2024-02-23T03:06:01.100634Z	   12 Query	SHOW STATUS
2024-02-23T03:06:01.104936Z	   12 Query	SET GLOBAL log_output='TABLE'
